
Showing logs for build [32mcb-kubecd-environment-pr-158-37-hg4fd-1[0m stage [32mfrom-build-pack[0m and container [32mstep-credential-initializer-rsdwt[0m
{"level":"warn","ts":1581770693.816032,"logger":"fallback-logger","caller":"logging/config.go:69","msg":"Fetch GitHub commit ID from kodata failed: \"ref: refs/heads/0.8.0-**-support-backwards-incompats\" is not a valid GitHub commit ID"}
{"level":"info","ts":1581770693.816887,"logger":"fallback-logger","caller":"creds-init/main.go:40","msg":"Credentials initialized."}

Showing logs for build [32mcb-kubecd-environment-pr-158-37-hg4fd-1[0m stage [32mfrom-build-pack[0m and container [32mstep-working-dir-initializer-chksg[0m
{"level":"warn","ts":1581770694.5395322,"logger":"fallback-logger","caller":"logging/config.go:69","msg":"Fetch GitHub commit ID from kodata failed: open /var/run/ko/HEAD: no such file or directory"}
{"level":"info","ts":1581770694.547377,"logger":"fallback-logger","caller":"bash/main.go:64","msg":"Successfully executed command \"sh -c mkdir -p /workspace/source\"; output "}

Showing logs for build [32mcb-kubecd-environment-pr-158-37-hg4fd-1[0m stage [32mfrom-build-pack[0m and container [32mstep-place-tools[0m

Showing logs for build [32mcb-kubecd-environment-pr-158-37-hg4fd-1[0m stage [32mfrom-build-pack[0m and container [32mstep-git-source-cb-kubecd-environment-pr-158-37-hg4fd-zhzk8[0m
{"level":"warn","ts":1581770701.0453863,"logger":"fallback-logger","caller":"logging/config.go:69","msg":"Fetch GitHub commit ID from kodata failed: \"ref: refs/heads/0.8.0-**-support-backwards-incompats\" is not a valid GitHub commit ID"}
{"level":"info","ts":1581770702.484682,"logger":"fallback-logger","caller":"git/git.go:103","msg":"Successfully cloned https://github.com/cb-kubecd/environment-pr-158-37-gke-upgrade-staging.git @ master in path /workspace/source"}

Showing logs for build [32mcb-kubecd-environment-pr-158-37-hg4fd-1[0m stage [32mfrom-build-pack[0m and container [32mstep-git-merge[0m
Using SHAs from PULL_REFS=master:b8a574404b395706d9efe358286f6cf6ad682b00,1:37e4fcb0d145b3b614f0912b79641b995c8b7752
DEBUG: JX_LOG_LEVEL=error LC_ALL=C git fetch origin --unshallow 37e4fcb0d145b3b614f0912b79641b995c8b7752: b8a574404b395706d9efe358286f6cf6ad682b00:
DEBUG: ran git fetch --unshallow origin 37e4fcb0d145b3b614f0912b79641b995c8b7752: b8a574404b395706d9efe358286f6cf6ad682b00: in 
DEBUG: LC_ALL=C JX_LOG_LEVEL=error git branch
DEBUG: JX_LOG_LEVEL=error LC_ALL=C git checkout master
DEBUG: ran git checkout master in 
DEBUG: LC_ALL=C JX_LOG_LEVEL=error git reset --hard b8a574404b395706d9efe358286f6cf6ad682b00
DEBUG: ran git reset --hard b8a574404b395706d9efe358286f6cf6ad682b00 in 
DEBUG: LC_ALL=C JX_LOG_LEVEL=error git clean -fd .
DEBUG: ran clean --force -d . in 
DEBUG: LC_ALL=C JX_LOG_LEVEL=error git merge 37e4fcb0d145b3b614f0912b79641b995c8b7752
DEBUG: ran git merge 37e4fcb0d145b3b614f0912b79641b995c8b7752 in 
DEBUG: LC_ALL=C JX_LOG_LEVEL=error git log --format=%H%x1f%an%x1f%ae%x1f%cn%x1f%ce%x1f%s%n%b%x1e b8a574404b395706d9efe358286f6cf6ad682b00..HEAD
Merged SHA 37e4fcb0d145b3b614f0912b79641b995c8b7752 with commit message 'chore: Promote bdd-spring-1581770370 to version 0.0.1' into base branch master

Showing logs for build [32mcb-kubecd-environment-pr-158-37-hg4fd-1[0m stage [32mfrom-build-pack[0m and container [32mstep-build-helm-build[0m
WARNING: No $CHART_REPOSITORY defined so using the default value of: http://jenkins-x-chartmuseum:8080
Adding missing Helm repo: storage.googleapis.com https://storage.googleapis.com/chartmuseum.jenkins-x.io
WARNING: No secrets found on "helm/repos" due: reading the secret "helm/repos" from vault: no secret "helm/repos" not found in vault
Read credentials for https://storage.googleapis.com/chartmuseum.jenkins-x.io from vault helm/repos
Successfully added Helm repository storage.googleapis.com.
Adding missing Helm repo: jenkins-x-chartmuseum http://jenkins-x-chartmuseum:8080
WARNING: No secrets found on "helm/repos" due: reading the secret "helm/repos" from vault: no secret "helm/repos" not found in vault
Read credentials for http://jenkins-x-chartmuseum:8080 from vault helm/repos
Successfully added Helm repository jenkins-x-chartmuseum.
WARNING: No $CHART_REPOSITORY defined so using the default value of: http://jenkins-x-chartmuseum:8080
Adding missing Helm repo: chartmuseum.jenkins-x.io http://chartmuseum.jenkins-x.io
WARNING: No secrets found on "helm/repos" due: reading the secret "helm/repos" from vault: no secret "helm/repos" not found in vault
Read credentials for http://chartmuseum.jenkins-x.io from vault helm/repos
Successfully added Helm repository chartmuseum.jenkins-x.io.
